execve("./hello", ["./hello"], 0x7ffc84c80978 /* 56 vars */) = 0 <0.000353>
brk(NULL)                               = 0x55e7cbb83000 <0.000021>
arch_prctl(0x3001 /* ARCH_??? */, 0x7ffc94bbcc00) = -1 EINVAL (Invalid argument) <0.000019>
mmap(NULL, 8192, PROT_READ|PROT_WRITE, MAP_PRIVATE|MAP_ANONYMOUS, -1, 0) = 0x7f1ca8aac000 <0.000023>
access("/etc/ld.so.preload", R_OK)      = -1 ENOENT (No such file or directory) <0.000027>
openat(AT_FDCWD, "/etc/ld.so.cache", O_RDONLY|O_CLOEXEC) = 3 <0.000028>
newfstatat(3, "", {st_mode=S_IFREG|0644, st_size=58335, ...}, AT_EMPTY_PATH) = 0 <0.000023>
mmap(NULL, 58335, PROT_READ, MAP_PRIVATE, 3, 0) = 0x7f1ca8a9d000 <0.000026>
close(3)                                = 0 <0.000019>
openat(AT_FDCWD, "/lib/x86_64-linux-gnu/libc.so.6", O_RDONLY|O_CLOEXEC) = 3 <0.000030>
read(3, "\177ELF\2\1\1\3\0\0\0\0\0\0\0\0\3\0>\0\1\0\0\0P\237\2\0\0\0\0\0"..., 832) = 832 <0.000021>
pread64(3, "\6\0\0\0\4\0\0\0@\0\0\0\0\0\0\0@\0\0\0\0\0\0\0@\0\0\0\0\0\0\0"..., 784, 64) = 784 <0.000020>
pread64(3, "\4\0\0\0 \0\0\0\5\0\0\0GNU\0\2\0\0\300\4\0\0\0\3\0\0\0\0\0\0\0"..., 48, 848) = 48 <0.000020>
pread64(3, "\4\0\0\0\24\0\0\0\3\0\0\0GNU\0i8\235HZ\227\223\333\350s\360\352,\223\340."..., 68, 896) = 68 <0.000020>
newfstatat(3, "", {st_mode=S_IFREG|0644, st_size=2216304, ...}, AT_EMPTY_PATH) = 0 <0.000023>
pread64(3, "\6\0\0\0\4\0\0\0@\0\0\0\0\0\0\0@\0\0\0\0\0\0\0@\0\0\0\0\0\0\0"..., 784, 64) = 784 <0.000020>
mmap(NULL, 2260560, PROT_READ, MAP_PRIVATE|MAP_DENYWRITE, 3, 0) = 0x7f1ca8800000 <0.000026>
mmap(0x7f1ca8828000, 1658880, PROT_READ|PROT_EXEC, MAP_PRIVATE|MAP_FIXED|MAP_DENYWRITE, 3, 0x28000) = 0x7f1ca8828000 <0.000036>
mmap(0x7f1ca89bd000, 360448, PROT_READ, MAP_PRIVATE|MAP_FIXED|MAP_DENYWRITE, 3, 0x1bd000) = 0x7f1ca89bd000 <0.000029>
mmap(0x7f1ca8a15000, 24576, PROT_READ|PROT_WRITE, MAP_PRIVATE|MAP_FIXED|MAP_DENYWRITE, 3, 0x214000) = 0x7f1ca8a15000 <0.000030>
mmap(0x7f1ca8a1b000, 52816, PROT_READ|PROT_WRITE, MAP_PRIVATE|MAP_FIXED|MAP_ANONYMOUS, -1, 0) = 0x7f1ca8a1b000 <0.000038>
close(3)                                = 0 <0.000028>
mmap(NULL, 12288, PROT_READ|PROT_WRITE, MAP_PRIVATE|MAP_ANONYMOUS, -1, 0) = 0x7f1ca8a9a000 <0.000033>
arch_prctl(ARCH_SET_FS, 0x7f1ca8a9a740) = 0 <0.000019>
set_tid_address(0x7f1ca8a9aa10)         = 4768 <0.000019>
set_robust_list(0x7f1ca8a9aa20, 24)     = 0 <0.000018>
rseq(0x7f1ca8a9b0e0, 0x20, 0, 0x53053053) = 0 <0.000018>
mprotect(0x7f1ca8a15000, 16384, PROT_READ) = 0 <0.000029>
mprotect(0x55e7cabc8000, 4096, PROT_READ) = 0 <0.000026>
mprotect(0x7f1ca8ae6000, 8192, PROT_READ) = 0 <0.000028>
prlimit64(0, RLIMIT_STACK, NULL, {rlim_cur=8192*1024, rlim_max=RLIM64_INFINITY}) = 0 <0.000036>
munmap(0x7f1ca8a9d000, 58335)           = 0 <0.000041>
newfstatat(1, "", {st_mode=S_IFCHR|0620, st_rdev=makedev(0x88, 0), ...}, AT_EMPTY_PATH) = 0 <0.000025>
getrandom("\x53\xd4\x04\x57\x37\xe8\x02\xc4", 8, GRND_NONBLOCK) = 8 <0.000020>
brk(NULL)                               = 0x55e7cbb83000 <0.000018>
brk(0x55e7cbba4000)                     = 0x55e7cbba4000 <0.000022>
write(1, "hello world\n", 12)           = 12 <0.000048>
exit_group(0)                           = ?
+++ exited with 0 +++
